Started GET "/" for 127.0.0.1 at 2019-04-24 19:14:37 +0900
Processing by MessagesController#index as HTML
  Rendering messages/index.haml within layouts/application
  Rendered messages/_chat-side.haml (3.8ms)
  Rendered messages/_message.haml (3.1ms)
  Rendered messages/_message.haml (0.1ms)
  Rendered messages/_message.haml (0.1ms)
  Rendered messages/_message.haml (0.0ms)
  Rendered messages/_message.haml (0.0ms)
  Rendered messages/_message.haml (0.0ms)
  Rendered messages/_message.haml (0.0ms)
  Rendered messages/_message.haml (0.0ms)
  Rendered messages/_message.haml (0.1ms)
  Rendered messages/_message.haml (0.1ms)
  Rendered messages/_message.haml (0.0ms)
  Rendered messages/_message.haml (0.0ms)
  Rendered messages/_message.haml (0.0ms)
  Rendered messages/_message.haml (0.1ms)
  Rendered messages/_message.haml (0.0ms)
  Rendered messages/_message.haml (0.1ms)
  Rendered messages/_message.haml (0.1ms)
  Rendered messages/_message.haml (0.1ms)
  Rendered messages/_message.haml (0.1ms)
  Rendered messages/_message.haml (0.1ms)
  Rendered messages/_message.haml (0.1ms)
  Rendered messages/_message.haml (0.1ms)
  Rendered messages/_message.haml (0.1ms)
  Rendered messages/_message.haml (0.1ms)
  Rendered messages/_message.haml (0.1ms)
  Rendered messages/_message.haml (0.1ms)
  Rendered messages/_message.haml (0.1ms)
  Rendered messages/_message.haml (0.1ms)
  Rendered messages/_message.haml (0.0ms)
  Rendered messages/_message.haml (0.0ms)
  Rendered messages/_message.haml (0.1ms)
  Rendered messages/_message.haml (0.1ms)
  Rendered messages/_message.haml (0.1ms)
  Rendered messages/_message.haml (0.1ms)
  Rendered messages/_message.haml (0.0ms)
  Rendered messages/_message.haml (0.1ms)
  Rendered messages/_message.haml (0.1ms)
  Rendered messages/_message.haml (0.1ms)
  Rendered messages/_message.haml (0.0ms)
  Rendered messages/_message.haml (0.1ms)
  Rendered messages/_message.haml (0.1ms)
  Rendered messages/_message.haml (0.1ms)
  Rendered messages/_message.haml (0.0ms)
  Rendered messages/_message.haml (0.1ms)
  Rendered messages/_message.haml (0.1ms)
  Rendered messages/_message.haml (0.1ms)
  Rendered messages/_message.haml (0.0ms)
  Rendered messages/_message.haml (0.0ms)
  Rendered messages/_message.haml (0.0ms)
  Rendered messages/_message.haml (0.0ms)
  Rendered messages/_chat-main.haml (145.6ms)
  Rendered messages/index.haml within layouts/application (177.0ms)
Completed 200 OK in 1825ms (Views: 1801.0ms | ActiveRecord: 0.0ms)


Started GET "/" for 127.0.0.1 at 2019-04-24 19:15:54 +0900
Processing by MessagesController#index as HTML
  Rendering messages/index.haml within layouts/application
  Rendered messages/_groups (0.3ms)
  Rendered messages/_chat-side.haml (6.4ms)
  Rendered messages/_message.haml (2.6ms)
  Rendered messages/_message.haml (0.2ms)
  Rendered messages/_message.haml (0.1ms)
  Rendered messages/_message.haml (0.1ms)
  Rendered messages/_message.haml (0.2ms)
  Rendered messages/_message.haml (0.1ms)
  Rendered messages/_message.haml (0.1ms)
  Rendered messages/_message.haml (0.2ms)
  Rendered messages/_message.haml (0.1ms)
  Rendered messages/_message.haml (0.1ms)
  Rendered messages/_message.haml (0.1ms)
  Rendered messages/_message.haml (0.1ms)
  Rendered messages/_message.haml (0.1ms)
  Rendered messages/_message.haml (0.0ms)
  Rendered messages/_message.haml (0.0ms)
  Rendered messages/_message.haml (0.1ms)
  Rendered messages/_message.haml (0.1ms)
  Rendered messages/_message.haml (0.1ms)
  Rendered messages/_message.haml (0.1ms)
  Rendered messages/_message.haml (0.0ms)
  Rendered messages/_message.haml (0.1ms)
  Rendered messages/_message.haml (0.1ms)
  Rendered messages/_message.haml (0.0ms)
  Rendered messages/_message.haml (0.0ms)
  Rendered messages/_message.haml (0.1ms)
  Rendered messages/_message.haml (0.1ms)
  Rendered messages/_message.haml (0.0ms)
  Rendered messages/_message.haml (0.0ms)
  Rendered messages/_message.haml (0.1ms)
  Rendered messages/_message.haml (0.1ms)
  Rendered messages/_message.haml (0.1ms)
  Rendered messages/_message.haml (0.1ms)
  Rendered messages/_message.haml (0.1ms)
  Rendered messages/_message.haml (0.0ms)
  Rendered messages/_message.haml (0.1ms)
  Rendered messages/_message.haml (0.1ms)
  Rendered messages/_message.haml (0.0ms)
  Rendered messages/_message.haml (0.1ms)
  Rendered messages/_message.haml (0.1ms)
  Rendered messages/_message.haml (0.1ms)
  Rendered messages/_message.haml (0.0ms)
  Rendered messages/_message.haml (0.1ms)
  Rendered messages/_message.haml (0.1ms)
  Rendered messages/_message.haml (0.1ms)
  Rendered messages/_message.haml (0.1ms)
  Rendered messages/_message.haml (0.1ms)
  Rendered messages/_message.haml (0.0ms)
  Rendered messages/_message.haml (0.1ms)
  Rendered messages/_message.haml (0.1ms)
  Rendered messages/_message.haml (0.0ms)
  Rendered messages/_chat-main.haml (144.1ms)
  Rendered messages/index.haml within layouts/application (158.9ms)
Completed 200 OK in 194ms (Views: 190.0ms | ActiveRecord: 0.0ms)


Started GET "/" for 127.0.0.1 at 2019-04-24 19:16:15 +0900
Processing by MessagesController#index as HTML
  Rendering messages/index.haml within layouts/application
  Rendered messages/_groups (0.2ms)
  Rendered messages/_chat-side.haml (5.3ms)
  Rendered messages/_message.haml (3.4ms)
  Rendered messages/_message.haml (0.0ms)
  Rendered messages/_message.haml (0.1ms)
  Rendered messages/_message.haml (0.2ms)
  Rendered messages/_message.haml (0.1ms)
  Rendered messages/_message.haml (0.1ms)
  Rendered messages/_message.haml (0.1ms)
  Rendered messages/_message.haml (0.1ms)
  Rendered messages/_message.haml (0.1ms)
  Rendered messages/_message.haml (0.1ms)
  Rendered messages/_message.haml (0.1ms)
  Rendered messages/_message.haml (0.1ms)
  Rendered messages/_message.haml (0.2ms)
  Rendered messages/_message.haml (0.1ms)
  Rendered messages/_message.haml (0.1ms)
  Rendered messages/_message.haml (0.1ms)
  Rendered messages/_message.haml (0.1ms)
  Rendered messages/_message.haml (0.1ms)
  Rendered messages/_message.haml (0.1ms)
  Rendered messages/_message.haml (0.1ms)
  Rendered messages/_message.haml (0.1ms)
  Rendered messages/_message.haml (0.1ms)
  Rendered messages/_message.haml (0.1ms)
  Rendered messages/_message.haml (0.2ms)
  Rendered messages/_message.haml (0.1ms)
  Rendered messages/_message.haml (0.1ms)
  Rendered messages/_message.haml (0.1ms)
  Rendered messages/_message.haml (0.0ms)
  Rendered messages/_message.haml (0.3ms)
  Rendered messages/_message.haml (0.1ms)
  Rendered messages/_message.haml (0.1ms)
  Rendered messages/_message.haml (0.1ms)
  Rendered messages/_message.haml (0.0ms)
  Rendered messages/_message.haml (0.0ms)
  Rendered messages/_message.haml (0.1ms)
  Rendered messages/_message.haml (0.1ms)
  Rendered messages/_message.haml (0.0ms)
  Rendered messages/_message.haml (0.0ms)
  Rendered messages/_message.haml (0.1ms)
  Rendered messages/_message.haml (0.1ms)
  Rendered messages/_message.haml (0.0ms)
  Rendered messages/_message.haml (0.1ms)
  Rendered messages/_message.haml (0.1ms)
  Rendered messages/_message.haml (0.0ms)
  Rendered messages/_message.haml (0.0ms)
  Rendered messages/_message.haml (0.1ms)
  Rendered messages/_message.haml (0.1ms)
  Rendered messages/_message.haml (0.1ms)
  Rendered messages/_message.haml (0.1ms)
  Rendered messages/_message.haml (0.1ms)
  Rendered messages/_chat-main.haml (160.5ms)
  Rendered messages/index.haml within layouts/application (174.8ms)
Completed 200 OK in 208ms (Views: 203.6ms | ActiveRecord: 0.0ms)


Started GET "/" for 127.0.0.1 at 2019-04-24 19:16:51 +0900
Processing by MessagesController#index as HTML
  Rendering messages/index.haml within layouts/application
  Rendered messages/_groups (0.2ms)
  Rendered messages/_chat-side.haml (6.5ms)
  Rendered messages/_message.haml (2.6ms)
  Rendered messages/_message.haml (0.1ms)
  Rendered messages/_message.haml (0.1ms)
  Rendered messages/_message.haml (0.1ms)
  Rendered messages/_message.haml (0.1ms)
  Rendered messages/_message.haml (0.1ms)
  Rendered messages/_message.haml (0.1ms)
  Rendered messages/_message.haml (0.1ms)
  Rendered messages/_message.haml (0.1ms)
  Rendered messages/_message.haml (0.1ms)
  Rendered messages/_message.haml (0.0ms)
  Rendered messages/_message.haml (0.1ms)
  Rendered messages/_message.haml (0.1ms)
  Rendered messages/_message.haml (0.1ms)
  Rendered messages/_message.haml (0.1ms)
  Rendered messages/_message.haml (0.1ms)
  Rendered messages/_message.haml (0.1ms)
  Rendered messages/_message.haml (0.1ms)
  Rendered messages/_message.haml (0.1ms)
  Rendered messages/_message.haml (0.0ms)
  Rendered messages/_message.haml (0.1ms)
  Rendered messages/_message.haml (0.0ms)
  Rendered messages/_message.haml (0.0ms)
  Rendered messages/_message.haml (0.0ms)
  Rendered messages/_message.haml (0.0ms)
  Rendered messages/_message.haml (0.1ms)
  Rendered messages/_message.haml (0.1ms)
  Rendered messages/_message.haml (0.0ms)
  Rendered messages/_message.haml (0.1ms)
  Rendered messages/_message.haml (0.1ms)
  Rendered messages/_message.haml (0.1ms)
  Rendered messages/_message.haml (0.1ms)
  Rendered messages/_message.haml (0.1ms)
  Rendered messages/_message.haml (0.1ms)
  Rendered messages/_message.haml (0.1ms)
  Rendered messages/_message.haml (0.0ms)
  Rendered messages/_message.haml (0.1ms)
  Rendered messages/_message.haml (0.2ms)
  Rendered messages/_message.haml (0.0ms)
  Rendered messages/_message.haml (0.0ms)
  Rendered messages/_message.haml (0.1ms)
  Rendered messages/_message.haml (0.1ms)
  Rendered messages/_message.haml (0.0ms)
  Rendered messages/_message.haml (0.0ms)
  Rendered messages/_message.haml (0.1ms)
  Rendered messages/_message.haml (0.0ms)
  Rendered messages/_message.haml (0.0ms)
  Rendered messages/_message.haml (0.0ms)
  Rendered messages/_message.haml (0.1ms)
  Rendered messages/_message.haml (0.0ms)
  Rendered messages/_chat-main.haml (146.4ms)
  Rendered messages/index.haml within layouts/application (168.1ms)
Completed 200 OK in 206ms (Views: 202.5ms | ActiveRecord: 0.0ms)


Started GET "/" for 127.0.0.1 at 2019-04-24 19:17:21 +0900
Processing by MessagesController#index as HTML
  Rendering messages/index.haml within layouts/application
  Rendered messages/_groups (0.3ms)
  Rendered messages/_chat-side.haml (8.6ms)
  Rendered messages/_message.haml (3.6ms)
  Rendered messages/_message.haml (0.1ms)
  Rendered messages/_message.haml (0.2ms)
  Rendered messages/_message.haml (0.1ms)
  Rendered messages/_message.haml (0.1ms)
  Rendered messages/_message.haml (0.1ms)
  Rendered messages/_message.haml (0.1ms)
  Rendered messages/_message.haml (0.1ms)
  Rendered messages/_message.haml (0.1ms)
  Rendered messages/_message.haml (0.1ms)
  Rendered messages/_message.haml (0.1ms)
  Rendered messages/_message.haml (0.0ms)
  Rendered messages/_message.haml (0.1ms)
  Rendered messages/_message.haml (0.1ms)
  Rendered messages/_message.haml (0.1ms)
  Rendered messages/_message.haml (0.1ms)
  Rendered messages/_message.haml (0.1ms)
  Rendered messages/_message.haml (0.1ms)
  Rendered messages/_message.haml (0.1ms)
  Rendered messages/_message.haml (0.1ms)
  Rendered messages/_message.haml (0.0ms)
  Rendered messages/_message.haml (0.1ms)
  Rendered messages/_message.haml (0.1ms)
  Rendered messages/_message.haml (0.1ms)
  Rendered messages/_message.haml (0.1ms)
  Rendered messages/_message.haml (0.1ms)
  Rendered messages/_message.haml (0.0ms)
  Rendered messages/_message.haml (0.1ms)
  Rendered messages/_message.haml (0.1ms)
  Rendered messages/_message.haml (0.1ms)
  Rendered messages/_message.haml (0.1ms)
  Rendered messages/_message.haml (0.2ms)
  Rendered messages/_message.haml (0.0ms)
  Rendered messages/_message.haml (0.0ms)
  Rendered messages/_message.haml (0.1ms)
  Rendered messages/_message.haml (0.1ms)
  Rendered messages/_message.haml (0.0ms)
  Rendered messages/_message.haml (0.1ms)
  Rendered messages/_message.haml (0.0ms)
  Rendered messages/_message.haml (0.0ms)
  Rendered messages/_message.haml (0.1ms)
  Rendered messages/_message.haml (0.0ms)
  Rendered messages/_message.haml (0.1ms)
  Rendered messages/_message.haml (0.1ms)
  Rendered messages/_message.haml (0.1ms)
  Rendered messages/_message.haml (0.0ms)
  Rendered messages/_message.haml (0.0ms)
  Rendered messages/_message.haml (0.1ms)
  Rendered messages/_message.haml (0.1ms)
  Rendered messages/_message.haml (0.0ms)
  Rendered messages/_chat-main.haml (153.0ms)
  Rendered messages/index.haml within layouts/application (172.3ms)
Completed 200 OK in 210ms (Views: 205.0ms | ActiveRecord: 0.0ms)


Started GET "/" for 127.0.0.1 at 2019-04-24 19:17:46 +0900
Processing by MessagesController#index as HTML
  Rendering messages/index.haml within layouts/application
  Rendered messages/_groups.haml (3.0ms)
  Rendered messages/_chat-side.haml (10.8ms)
  Rendered messages/_message.haml (3.1ms)
  Rendered messages/_message.haml (0.1ms)
  Rendered messages/_message.haml (0.1ms)
  Rendered messages/_message.haml (0.1ms)
  Rendered messages/_message.haml (0.1ms)
  Rendered messages/_message.haml (0.1ms)
  Rendered messages/_message.haml (0.1ms)
  Rendered messages/_message.haml (0.1ms)
  Rendered messages/_message.haml (0.2ms)
  Rendered messages/_message.haml (0.1ms)
  Rendered messages/_message.haml (0.0ms)
  Rendered messages/_message.haml (0.1ms)
  Rendered messages/_message.haml (0.1ms)
  Rendered messages/_message.haml (0.1ms)
  Rendered messages/_message.haml (0.1ms)
  Rendered messages/_message.haml (0.1ms)
  Rendered messages/_message.haml (0.1ms)
  Rendered messages/_message.haml (0.1ms)
  Rendered messages/_message.haml (0.1ms)
  Rendered messages/_message.haml (0.0ms)
  Rendered messages/_message.haml (0.1ms)
  Rendered messages/_message.haml (0.1ms)
  Rendered messages/_message.haml (0.4ms)
  Rendered messages/_message.haml (0.1ms)
  Rendered messages/_message.haml (0.1ms)
  Rendered messages/_message.haml (0.1ms)
  Rendered messages/_message.haml (0.1ms)
  Rendered messages/_message.haml (0.0ms)
  Rendered messages/_message.haml (0.1ms)
  Rendered messages/_message.haml (0.1ms)
  Rendered messages/_message.haml (0.1ms)
  Rendered messages/_message.haml (0.1ms)
  Rendered messages/_message.haml (0.1ms)
  Rendered messages/_message.haml (0.0ms)
  Rendered messages/_message.haml (0.6ms)
  Rendered messages/_message.haml (0.1ms)
  Rendered messages/_message.haml (0.0ms)
  Rendered messages/_message.haml (0.0ms)
  Rendered messages/_message.haml (0.1ms)
  Rendered messages/_message.haml (0.1ms)
  Rendered messages/_message.haml (0.0ms)
  Rendered messages/_message.haml (0.1ms)
  Rendered messages/_message.haml (0.1ms)
  Rendered messages/_message.haml (0.1ms)
  Rendered messages/_message.haml (0.1ms)
  Rendered messages/_message.haml (0.1ms)
  Rendered messages/_message.haml (0.1ms)
  Rendered messages/_message.haml (0.1ms)
  Rendered messages/_message.haml (0.7ms)
  Rendered messages/_message.haml (0.1ms)
  Rendered messages/_chat-main.haml (157.8ms)
  Rendered messages/index.haml within layouts/application (177.5ms)
Completed 200 OK in 222ms (Views: 217.1ms | ActiveRecord: 0.0ms)


Started GET "/" for 127.0.0.1 at 2019-04-24 19:18:02 +0900
Processing by MessagesController#index as HTML
  Rendering messages/index.haml within layouts/application
  Rendered messages/_groups.haml (4.0ms)
  Rendered messages/_chat-side.haml (11.5ms)
  Rendered messages/_message.haml (6.0ms)
  Rendered messages/_message.haml (0.2ms)
  Rendered messages/_message.haml (0.1ms)
  Rendered messages/_message.haml (0.1ms)
  Rendered messages/_message.haml (0.1ms)
  Rendered messages/_message.haml (0.1ms)
  Rendered messages/_message.haml (0.1ms)
  Rendered messages/_message.haml (0.0ms)
  Rendered messages/_message.haml (0.0ms)
  Rendered messages/_message.haml (0.1ms)
  Rendered messages/_message.haml (0.1ms)
  Rendered messages/_message.haml (0.1ms)
  Rendered messages/_message.haml (0.1ms)
  Rendered messages/_message.haml (0.4ms)
  Rendered messages/_message.haml (0.0ms)
  Rendered messages/_message.haml (0.1ms)
  Rendered messages/_message.haml (0.0ms)
  Rendered messages/_message.haml (0.1ms)
  Rendered messages/_message.haml (0.1ms)
  Rendered messages/_message.haml (0.1ms)
  Rendered messages/_message.haml (0.0ms)
  Rendered messages/_message.haml (0.0ms)
  Rendered messages/_message.haml (0.0ms)
  Rendered messages/_message.haml (0.0ms)
  Rendered messages/_message.haml (0.0ms)
  Rendered messages/_message.haml (0.1ms)
  Rendered messages/_message.haml (0.1ms)
  Rendered messages/_message.haml (0.1ms)
  Rendered messages/_message.haml (0.1ms)
  Rendered messages/_message.haml (0.1ms)
  Rendered messages/_message.haml (0.1ms)
  Rendered messages/_message.haml (0.1ms)
  Rendered messages/_message.haml (0.2ms)
  Rendered messages/_message.haml (0.0ms)
  Rendered messages/_message.haml (0.1ms)
  Rendered messages/_message.haml (0.1ms)
  Rendered messages/_message.haml (0.1ms)
  Rendered messages/_message.haml (0.0ms)
  Rendered messages/_message.haml (0.1ms)
  Rendered messages/_message.haml (0.1ms)
  Rendered messages/_message.haml (0.0ms)
  Rendered messages/_message.haml (0.0ms)
  Rendered messages/_message.haml (0.1ms)
  Rendered messages/_message.haml (0.3ms)
  Rendered messages/_message.haml (0.0ms)
  Rendered messages/_message.haml (0.1ms)
  Rendered messages/_message.haml (0.1ms)
  Rendered messages/_message.haml (0.1ms)
  Rendered messages/_message.haml (0.0ms)
  Rendered messages/_message.haml (0.1ms)
  Rendered messages/_chat-main.haml (147.7ms)
  Rendered messages/index.haml within layouts/application (168.0ms)
Completed 200 OK in 206ms (Views: 201.9ms | ActiveRecord: 0.0ms)


Started GET "/" for 127.0.0.1 at 2019-04-24 19:18:09 +0900
Processing by MessagesController#index as HTML
  Rendering messages/index.haml within layouts/application
  Rendered messages/_groups.haml (4.9ms)
  Rendered messages/_chat-side.haml (11.4ms)
  Rendered messages/_message.haml (4.7ms)
  Rendered messages/_message.haml (0.1ms)
  Rendered messages/_message.haml (0.1ms)
  Rendered messages/_message.haml (0.1ms)
  Rendered messages/_message.haml (0.1ms)
  Rendered messages/_message.haml (0.1ms)
  Rendered messages/_message.haml (0.2ms)
  Rendered messages/_message.haml (0.1ms)
  Rendered messages/_message.haml (0.1ms)
  Rendered messages/_message.haml (0.1ms)
  Rendered messages/_message.haml (0.1ms)
  Rendered messages/_message.haml (0.1ms)
  Rendered messages/_message.haml (0.1ms)
  Rendered messages/_message.haml (0.1ms)
  Rendered messages/_message.haml (0.1ms)
  Rendered messages/_message.haml (0.1ms)
  Rendered messages/_message.haml (0.1ms)
  Rendered messages/_message.haml (0.1ms)
  Rendered messages/_message.haml (0.1ms)
  Rendered messages/_message.haml (0.1ms)
  Rendered messages/_message.haml (0.1ms)
  Rendered messages/_message.haml (0.1ms)
  Rendered messages/_message.haml (0.1ms)
  Rendered messages/_message.haml (0.1ms)
  Rendered messages/_message.haml (0.1ms)
  Rendered messages/_message.haml (0.0ms)
  Rendered messages/_message.haml (0.1ms)
  Rendered messages/_message.haml (0.1ms)
  Rendered messages/_message.haml (0.1ms)
  Rendered messages/_message.haml (0.1ms)
  Rendered messages/_message.haml (0.1ms)
  Rendered messages/_message.haml (0.1ms)
  Rendered messages/_message.haml (0.1ms)
  Rendered messages/_message.haml (0.1ms)
  Rendered messages/_message.haml (0.1ms)
  Rendered messages/_message.haml (0.0ms)
  Rendered messages/_message.haml (0.1ms)
  Rendered messages/_message.haml (0.1ms)
  Rendered messages/_message.haml (0.1ms)
  Rendered messages/_message.haml (0.1ms)
  Rendered messages/_message.haml (0.1ms)
  Rendered messages/_message.haml (0.0ms)
  Rendered messages/_message.haml (0.2ms)
  Rendered messages/_message.haml (0.1ms)
  Rendered messages/_message.haml (0.0ms)
  Rendered messages/_message.haml (0.1ms)
  Rendered messages/_message.haml (0.0ms)
  Rendered messages/_message.haml (0.1ms)
  Rendered messages/_message.haml (0.0ms)
  Rendered messages/_message.haml (0.1ms)
  Rendered messages/_chat-main.haml (160.8ms)
  Rendered messages/index.haml within layouts/application (182.4ms)
Completed 200 OK in 234ms (Views: 231.4ms | ActiveRecord: 0.0ms)


Started GET "/" for 127.0.0.1 at 2019-04-24 19:18:43 +0900
Processing by MessagesController#index as HTML
  Rendering messages/index.haml within layouts/application
  Rendered messages/_groups.haml (2.8ms)
  Rendered messages/_chat-side.haml (9.0ms)
  Rendered messages/_message.haml (4.8ms)
  Rendered messages/_message.haml (0.1ms)
  Rendered messages/_message.haml (0.1ms)
  Rendered messages/_message.haml (0.1ms)
  Rendered messages/_message.haml (0.1ms)
  Rendered messages/_message.haml (0.1ms)
  Rendered messages/_message.haml (0.1ms)
  Rendered messages/_message.haml (0.1ms)
  Rendered messages/_message.haml (0.1ms)
  Rendered messages/_message.haml (0.1ms)
  Rendered messages/_message.haml (0.1ms)
  Rendered messages/_message.haml (0.1ms)
  Rendered messages/_message.haml (0.1ms)
  Rendered messages/_message.haml (0.1ms)
  Rendered messages/_message.haml (0.0ms)
  Rendered messages/_message.haml (0.1ms)
  Rendered messages/_message.haml (0.1ms)
  Rendered messages/_message.haml (0.1ms)
  Rendered messages/_message.haml (0.1ms)
  Rendered messages/_message.haml (0.1ms)
  Rendered messages/_message.haml (0.2ms)
  Rendered messages/_message.haml (0.1ms)
  Rendered messages/_message.haml (0.0ms)
  Rendered messages/_message.haml (0.1ms)
  Rendered messages/_message.haml (0.1ms)
  Rendered messages/_message.haml (0.0ms)
  Rendered messages/_message.haml (0.1ms)
  Rendered messages/_message.haml (0.2ms)
  Rendered messages/_message.haml (0.1ms)
  Rendered messages/_message.haml (0.1ms)
  Rendered messages/_message.haml (0.1ms)
  Rendered messages/_message.haml (0.1ms)
  Rendered messages/_message.haml (0.1ms)
  Rendered messages/_message.haml (0.1ms)
  Rendered messages/_message.haml (0.1ms)
  Rendered messages/_message.haml (0.1ms)
  Rendered messages/_message.haml (0.1ms)
  Rendered messages/_message.haml (0.1ms)
  Rendered messages/_message.haml (0.0ms)
  Rendered messages/_message.haml (0.1ms)
  Rendered messages/_message.haml (0.1ms)
  Rendered messages/_message.haml (0.1ms)
  Rendered messages/_message.haml (0.0ms)
  Rendered messages/_message.haml (0.2ms)
  Rendered messages/_message.haml (0.1ms)
  Rendered messages/_message.haml (0.0ms)
  Rendered messages/_message.haml (0.0ms)
  Rendered messages/_message.haml (0.1ms)
  Rendered messages/_message.haml (0.1ms)
  Rendered messages/_message.haml (0.1ms)
  Rendered messages/_chat-main.haml (178.0ms)
  Rendered messages/index.haml within layouts/application (194.0ms)
Completed 200 OK in 229ms (Views: 225.8ms | ActiveRecord: 0.0ms)


Started GET "/" for 127.0.0.1 at 2019-04-24 19:19:16 +0900
Processing by MessagesController#index as HTML
  Rendering messages/index.haml within layouts/application
  Rendered messages/_groups.haml (2.7ms)
  Rendered messages/_chat-side.haml (10.7ms)
  Rendered messages/_message.haml (2.8ms)
  Rendered messages/_message.haml (0.1ms)
  Rendered messages/_message.haml (0.2ms)
  Rendered messages/_message.haml (0.4ms)
  Rendered messages/_message.haml (0.1ms)
  Rendered messages/_message.haml (0.1ms)
  Rendered messages/_message.haml (0.1ms)
  Rendered messages/_message.haml (0.1ms)
  Rendered messages/_message.haml (0.1ms)
  Rendered messages/_message.haml (0.1ms)
  Rendered messages/_message.haml (0.1ms)
  Rendered messages/_message.haml (0.1ms)
  Rendered messages/_message.haml (0.1ms)
  Rendered messages/_message.haml (0.1ms)
  Rendered messages/_message.haml (0.1ms)
  Rendered messages/_message.haml (0.0ms)
  Rendered messages/_message.haml (0.1ms)
  Rendered messages/_message.haml (0.1ms)
  Rendered messages/_message.haml (0.1ms)
  Rendered messages/_message.haml (0.1ms)
  Rendered messages/_message.haml (0.1ms)
  Rendered messages/_message.haml (0.1ms)
  Rendered messages/_message.haml (0.1ms)
  Rendered messages/_message.haml (0.1ms)
  Rendered messages/_message.haml (0.1ms)
  Rendered messages/_message.haml (0.1ms)
  Rendered messages/_message.haml (0.1ms)
  Rendered messages/_message.haml (0.1ms)
  Rendered messages/_message.haml (0.0ms)
  Rendered messages/_message.haml (0.1ms)
  Rendered messages/_message.haml (0.1ms)
  Rendered messages/_message.haml (0.1ms)
  Rendered messages/_message.haml (0.1ms)
  Rendered messages/_message.haml (0.1ms)
  Rendered messages/_message.haml (0.0ms)
  Rendered messages/_message.haml (0.1ms)
  Rendered messages/_message.haml (0.1ms)
  Rendered messages/_message.haml (0.1ms)
  Rendered messages/_message.haml (0.1ms)
  Rendered messages/_message.haml (0.1ms)
  Rendered messages/_message.haml (0.1ms)
  Rendered messages/_message.haml (0.1ms)
  Rendered messages/_message.haml (0.0ms)
  Rendered messages/_message.haml (0.1ms)
  Rendered messages/_message.haml (0.0ms)
  Rendered messages/_message.haml (0.0ms)
  Rendered messages/_message.haml (0.1ms)
  Rendered messages/_message.haml (0.1ms)
  Rendered messages/_message.haml (0.1ms)
  Rendered messages/_message.haml (0.0ms)
  Rendered messages/_chat-main.haml (155.4ms)
  Rendered messages/index.haml within layouts/application (174.3ms)
Completed 200 OK in 207ms (Views: 202.9ms | ActiveRecord: 0.0ms)


Started GET "/" for 127.0.0.1 at 2019-04-25 11:52:37 +0900
Processing by MessagesController#index as HTML
  Rendering messages/index.haml within layouts/application
  Rendered messages/_groups.haml (4.6ms)
  Rendered messages/_chat-side.haml (31.1ms)
  Rendered messages/_message.haml (5.7ms)
  Rendered messages/_message.haml (0.1ms)
  Rendered messages/_message.haml (0.1ms)
  Rendered messages/_message.haml (0.1ms)
  Rendered messages/_message.haml (0.0ms)
  Rendered messages/_message.haml (0.1ms)
  Rendered messages/_message.haml (0.1ms)
  Rendered messages/_message.haml (0.0ms)
  Rendered messages/_message.haml (0.0ms)
  Rendered messages/_message.haml (0.0ms)
  Rendered messages/_message.haml (0.0ms)
  Rendered messages/_message.haml (0.1ms)
  Rendered messages/_message.haml (0.1ms)
  Rendered messages/_message.haml (0.1ms)
  Rendered messages/_message.haml (0.1ms)
  Rendered messages/_message.haml (0.1ms)
  Rendered messages/_message.haml (0.1ms)
  Rendered messages/_message.haml (0.0ms)
  Rendered messages/_message.haml (0.2ms)
  Rendered messages/_message.haml (0.1ms)
  Rendered messages/_message.haml (0.0ms)
  Rendered messages/_message.haml (0.0ms)
  Rendered messages/_message.haml (0.0ms)
  Rendered messages/_message.haml (0.0ms)
  Rendered messages/_message.haml (0.1ms)
  Rendered messages/_message.haml (0.0ms)
  Rendered messages/_message.haml (0.1ms)
  Rendered messages/_message.haml (0.1ms)
  Rendered messages/_message.haml (0.1ms)
  Rendered messages/_message.haml (0.1ms)
  Rendered messages/_message.haml (0.0ms)
  Rendered messages/_message.haml (0.1ms)
  Rendered messages/_message.haml (0.1ms)
  Rendered messages/_message.haml (0.1ms)
  Rendered messages/_message.haml (0.0ms)
  Rendered messages/_message.haml (0.0ms)
  Rendered messages/_message.haml (0.1ms)
  Rendered messages/_message.haml (0.1ms)
  Rendered messages/_message.haml (0.0ms)
  Rendered messages/_message.haml (0.1ms)
  Rendered messages/_message.haml (0.1ms)
  Rendered messages/_message.haml (0.1ms)
  Rendered messages/_message.haml (0.1ms)
  Rendered messages/_message.haml (0.1ms)
  Rendered messages/_message.haml (0.1ms)
  Rendered messages/_message.haml (0.1ms)
  Rendered messages/_message.haml (0.1ms)
  Rendered messages/_message.haml (0.1ms)
  Rendered messages/_message.haml (0.1ms)
  Rendered messages/_message.haml (0.2ms)
  Rendered messages/_chat-main.haml (173.0ms)
  Rendered messages/index.haml within layouts/application (254.2ms)
Completed 200 OK in 1601ms (Views: 1517.2ms | ActiveRecord: 0.0ms)


Started GET "/" for 127.0.0.1 at 2019-04-25 13:01:26 +0900
Processing by MessagesController#index as HTML
  Rendering messages/index.haml within layouts/application
  Rendered messages/_groups.haml (4.9ms)
  Rendered messages/_chat-side.haml (11.6ms)
  Rendered messages/_message.haml (3.7ms)
  Rendered messages/_message.haml (0.1ms)
  Rendered messages/_message.haml (0.1ms)
  Rendered messages/_message.haml (0.1ms)
  Rendered messages/_message.haml (0.2ms)
  Rendered messages/_message.haml (0.1ms)
  Rendered messages/_message.haml (0.1ms)
  Rendered messages/_message.haml (0.0ms)
  Rendered messages/_message.haml (0.1ms)
  Rendered messages/_message.haml (0.2ms)
  Rendered messages/_message.haml (0.1ms)
  Rendered messages/_message.haml (0.0ms)
  Rendered messages/_message.haml (0.0ms)
  Rendered messages/_message.haml (0.1ms)
  Rendered messages/_message.haml (0.1ms)
  Rendered messages/_message.haml (0.1ms)
  Rendered messages/_message.haml (0.1ms)
  Rendered messages/_message.haml (0.0ms)
  Rendered messages/_message.haml (0.0ms)
  Rendered messages/_message.haml (0.0ms)
  Rendered messages/_message.haml (0.0ms)
  Rendered messages/_message.haml (0.0ms)
  Rendered messages/_message.haml (0.1ms)
  Rendered messages/_message.haml (0.0ms)
  Rendered messages/_message.haml (0.1ms)
  Rendered messages/_message.haml (0.0ms)
  Rendered messages/_message.haml (0.1ms)
  Rendered messages/_message.haml (0.2ms)
  Rendered messages/_message.haml (0.1ms)
  Rendered messages/_message.haml (0.1ms)
  Rendered messages/_message.haml (0.1ms)
  Rendered messages/_message.haml (0.0ms)
  Rendered messages/_message.haml (0.1ms)
  Rendered messages/_message.haml (0.0ms)
  Rendered messages/_message.haml (0.1ms)
  Rendered messages/_message.haml (0.1ms)
  Rendered messages/_message.haml (0.1ms)
  Rendered messages/_message.haml (0.1ms)
  Rendered messages/_message.haml (0.1ms)
  Rendered messages/_message.haml (0.0ms)
  Rendered messages/_message.haml (0.1ms)
  Rendered messages/_message.haml (0.1ms)
  Rendered messages/_message.haml (0.1ms)
  Rendered messages/_message.haml (0.0ms)
  Rendered messages/_message.haml (0.0ms)
  Rendered messages/_message.haml (0.0ms)
  Rendered messages/_message.haml (0.0ms)
  Rendered messages/_message.haml (0.0ms)
  Rendered messages/_message.haml (0.2ms)
  Rendered messages/_message.haml (0.1ms)
  Rendered messages/_chat-main.haml (147.8ms)
  Rendered messages/index.haml within layouts/application (168.1ms)
Completed 200 OK in 604ms (Views: 600.6ms | ActiveRecord: 0.0ms)


Started GET "/" for 127.0.0.1 at 2019-04-25 13:01:33 +0900
Processing by MessagesController#index as HTML
  Rendering messages/index.haml within layouts/application
  Rendered messages/_groups.haml (5.5ms)
  Rendered messages/_chat-side.haml (13.1ms)
  Rendered messages/_chat-main.haml (21.5ms)
  Rendered messages/index.haml within layouts/application (44.1ms)
Completed 500 Internal Server Error in 56ms (ActiveRecord: 0.0ms)


  
ActionView::Template::Error (Illegal nesting: content can't be both given on the same line as %div and nested within it.):
     9:       = render 'message'
    10: 
    11:   .for  m
    12:     %form#new_message.new-message
    13:       .input-box
    14:         %input#message_content.input-box__text{name: "message[content]", placeholder: "type a message", type: "text"}
    15: 
  
app/views/messages/_chat-main.haml:12
app/views/messages/index.haml:8:in `_app_views_messages_index_haml___2660120317615620051_70122587006640'
  Rendering /Users/H.nagasoe/.rbenv/versions/2.5.1/lib/ruby/gems/2.5.0/gems/actionpack-5.0.7.2/lib/action_dispatch/middleware/templates/rescues/template_error.html.erb within rescues/layout
  Rendering /Users/H.nagasoe/.rbenv/versions/2.5.1/lib/ruby/gems/2.5.0/gems/actionpack-5.0.7.2/lib/action_dispatch/middleware/templates/rescues/_source.html.erb
  Rendered /Users/H.nagasoe/.rbenv/versions/2.5.1/lib/ruby/gems/2.5.0/gems/actionpack-5.0.7.2/lib/action_dispatch/middleware/templates/rescues/_source.html.erb (5.7ms)
  Rendering /Users/H.nagasoe/.rbenv/versions/2.5.1/lib/ruby/gems/2.5.0/gems/actionpack-5.0.7.2/lib/action_dispatch/middleware/templates/rescues/_trace.html.erb
  Rendered /Users/H.nagasoe/.rbenv/versions/2.5.1/lib/ruby/gems/2.5.0/gems/actionpack-5.0.7.2/lib/action_dispatch/middleware/templates/rescues/_trace.html.erb (3.2ms)
  Rendering /Users/H.nagasoe/.rbenv/versions/2.5.1/lib/ruby/gems/2.5.0/gems/actionpack-5.0.7.2/lib/action_dispatch/middleware/templates/rescues/_request_and_response.html.erb
  Rendered /Users/H.nagasoe/.rbenv/versions/2.5.1/lib/ruby/gems/2.5.0/gems/actionpack-5.0.7.2/lib/action_dispatch/middleware/templates/rescues/_request_and_response.html.erb (0.8ms)
  Rendered /Users/H.nagasoe/.rbenv/versions/2.5.1/lib/ruby/gems/2.5.0/gems/actionpack-5.0.7.2/lib/action_dispatch/middleware/templates/rescues/template_error.html.erb within rescues/layout (162.8ms)
Started GET "/" for 127.0.0.1 at 2019-04-25 13:01:48 +0900
Processing by MessagesController#index as HTML
  Rendering messages/index.haml within layouts/application
  Rendered messages/_groups.haml (4.8ms)
  Rendered messages/_chat-side.haml (13.0ms)
  Rendered messages/_message.haml (4.1ms)
  Rendered messages/_message.haml (0.1ms)
  Rendered messages/_message.haml (0.1ms)
  Rendered messages/_message.haml (0.0ms)
  Rendered messages/_message.haml (0.0ms)
  Rendered messages/_message.haml (0.1ms)
  Rendered messages/_message.haml (0.1ms)
  Rendered messages/_message.haml (0.1ms)
  Rendered messages/_message.haml (0.1ms)
  Rendered messages/_message.haml (0.1ms)
  Rendered messages/_message.haml (0.1ms)
  Rendered messages/_message.haml (0.1ms)
  Rendered messages/_message.haml (0.1ms)
  Rendered messages/_message.haml (0.0ms)
  Rendered messages/_message.haml (0.0ms)
  Rendered messages/_message.haml (0.0ms)
  Rendered messages/_message.haml (0.1ms)
  Rendered messages/_message.haml (0.2ms)
  Rendered messages/_message.haml (0.2ms)
  Rendered messages/_message.haml (0.2ms)
  Rendered messages/_message.haml (0.1ms)
  Rendered messages/_message.haml (0.0ms)
  Rendered messages/_message.haml (0.1ms)
  Rendered messages/_message.haml (0.1ms)
  Rendered messages/_message.haml (0.1ms)
  Rendered messages/_message.haml (0.1ms)
  Rendered messages/_message.haml (0.1ms)
  Rendered messages/_message.haml (0.1ms)
  Rendered messages/_message.haml (0.1ms)
  Rendered messages/_message.haml (0.1ms)
  Rendered messages/_message.haml (0.0ms)
  Rendered messages/_message.haml (0.0ms)
  Rendered messages/_message.haml (0.1ms)
  Rendered messages/_message.haml (0.0ms)
  Rendered messages/_message.haml (1.0ms)
  Rendered messages/_message.haml (0.1ms)
  Rendered messages/_message.haml (0.1ms)
  Rendered messages/_message.haml (0.0ms)
  Rendered messages/_message.haml (0.0ms)
  Rendered messages/_message.haml (0.0ms)
  Rendered messages/_message.haml (0.1ms)
  Rendered messages/_message.haml (0.1ms)
  Rendered messages/_message.haml (0.1ms)
  Rendered messages/_message.haml (0.1ms)
  Rendered messages/_message.haml (0.0ms)
  Rendered messages/_message.haml (0.0ms)
  Rendered messages/_message.haml (0.1ms)
  Rendered messages/_message.haml (0.3ms)
  Rendered messages/_message.haml (0.1ms)
  Rendered messages/_message.haml (0.0ms)
  Rendered messages/_chat-main.haml (159.8ms)
  Rendered messages/index.haml within layouts/application (181.9ms)
Completed 200 OK in 218ms (Views: 214.3ms | ActiveRecord: 0.0ms)


Started GET "/" for 127.0.0.1 at 2019-04-25 13:01:59 +0900
Processing by MessagesController#index as HTML
  Rendering messages/index.haml within layouts/application
  Rendered messages/_groups.haml (5.7ms)
  Rendered messages/_chat-side.haml (11.5ms)
  Rendered messages/_message.haml (4.4ms)
  Rendered messages/_message.haml (0.1ms)
  Rendered messages/_message.haml (0.1ms)
  Rendered messages/_message.haml (0.1ms)
  Rendered messages/_message.haml (0.1ms)
  Rendered messages/_message.haml (0.1ms)
  Rendered messages/_message.haml (0.1ms)
  Rendered messages/_message.haml (0.1ms)
  Rendered messages/_message.haml (0.1ms)
  Rendered messages/_message.haml (0.1ms)
  Rendered messages/_message.haml (0.0ms)
  Rendered messages/_message.haml (0.0ms)
  Rendered messages/_message.haml (0.1ms)
  Rendered messages/_message.haml (0.1ms)
  Rendered messages/_message.haml (0.0ms)
  Rendered messages/_message.haml (0.0ms)
  Rendered messages/_message.haml (0.0ms)
  Rendered messages/_message.haml (0.1ms)
  Rendered messages/_message.haml (0.0ms)
  Rendered messages/_message.haml (0.1ms)
  Rendered messages/_message.haml (0.1ms)
  Rendered messages/_message.haml (0.1ms)
  Rendered messages/_message.haml (0.0ms)
  Rendered messages/_message.haml (0.0ms)
  Rendered messages/_message.haml (0.1ms)
  Rendered messages/_message.haml (0.1ms)
  Rendered messages/_message.haml (0.1ms)
  Rendered messages/_message.haml (0.1ms)
  Rendered messages/_message.haml (0.1ms)
  Rendered messages/_message.haml (0.0ms)
  Rendered messages/_message.haml (0.0ms)
  Rendered messages/_message.haml (0.1ms)
  Rendered messages/_message.haml (0.1ms)
  Rendered messages/_message.haml (0.1ms)
  Rendered messages/_message.haml (0.1ms)
  Rendered messages/_message.haml (0.1ms)
  Rendered messages/_message.haml (0.6ms)
  Rendered messages/_message.haml (0.1ms)
  Rendered messages/_message.haml (0.0ms)
  Rendered messages/_message.haml (0.0ms)
  Rendered messages/_message.haml (0.1ms)
  Rendered messages/_message.haml (0.1ms)
  Rendered messages/_message.haml (0.0ms)
  Rendered messages/_message.haml (0.1ms)
  Rendered messages/_message.haml (0.0ms)
  Rendered messages/_message.haml (0.0ms)
  Rendered messages/_message.haml (0.0ms)
  Rendered messages/_message.haml (0.0ms)
  Rendered messages/_message.haml (0.1ms)
  Rendered messages/_message.haml (0.1ms)
  Rendered messages/_chat-main.haml (165.3ms)
  Rendered messages/index.haml within layouts/application (186.0ms)
Completed 200 OK in 651ms (Views: 647.8ms | ActiveRecord: 0.0ms)


  [1m[35m (297.2ms)[0m  [1m[35mCREATE TABLE `schema_migrations` (`version` varchar(255) PRIMARY KEY) ENGINE=InnoDB[0m
  [1m[35m (132.2ms)[0m  [1m[35mCREATE TABLE `ar_internal_metadata` (`key` varchar(255) PRIMARY KEY, `value` varchar(255), `created_at` datetime NOT NULL, `updated_at` datetime NOT NULL) ENGINE=InnoDB[0m
  [1m[35m (0.2ms)[0m  [1m[34mSELECT DATABASE() as db[0m
  [1m[35m (0.3ms)[0m  [1m[34mSELECT GET_LOCK('8445024276154775190', 0);[0m
  [1m[36mActiveRecord::SchemaMigration Load (0.4ms)[0m  [1m[34mSELECT `schema_migrations`.* FROM `schema_migrations`[0m
Migrating to DeviseCreateUsers (20190425050812)
  [1m[35m (109.3ms)[0m  [1m[35mCREATE TABLE `users` (`id` int AUTO_INCREMENT PRIMARY KEY, `email` varchar(255) DEFAULT '' NOT NULL, `encrypted_password` varchar(255) DEFAULT '' NOT NULL, `reset_password_token` varchar(255), `reset_password_sent_at` datetime, `remember_created_at` datetime, `created_at` datetime NOT NULL, `updated_at` datetime NOT NULL) ENGINE=InnoDB[0m
  [1m[35m (145.7ms)[0m  [1m[35mCREATE UNIQUE INDEX `index_users_on_email`  ON `users` (`email`) [0m
  [1m[35m (123.0ms)[0m  [1m[35mCREATE UNIQUE INDEX `index_users_on_reset_password_token`  ON `users` (`reset_password_token`) [0m
  [1m[35m (0.1ms)[0m  [1m[35mBEGIN[0m
  [1m[35mSQL (0.2ms)[0m  [1m[32mINSERT INTO `schema_migrations` (`version`) VALUES ('20190425050812')[0m
  [1m[35m (0.9ms)[0m  [1m[35mCOMMIT[0m
  [1m[36mActiveRecord::InternalMetadata Load (0.3ms)[0m  [1m[34mSELECT  `ar_internal_metadata`.* FROM `ar_internal_metadata` WHERE `ar_internal_metadata`.`key` = 'environment' LIMIT 1[0m
  [1m[35m (0.2ms)[0m  [1m[35mBEGIN[0m
  [1m[35mSQL (0.3ms)[0m  [1m[32mINSERT INTO `ar_internal_metadata` (`key`, `value`, `created_at`, `updated_at`) VALUES ('environment', 'development', '2019-04-25 05:08:26', '2019-04-25 05:08:26')[0m
  [1m[35m (1.0ms)[0m  [1m[35mCOMMIT[0m
  [1m[35m (0.2ms)[0m  [1m[34mSELECT RELEASE_LOCK('8445024276154775190')[0m
  [1m[36mActiveRecord::SchemaMigration Load (0.2ms)[0m  [1m[34mSELECT `schema_migrations`.* FROM `schema_migrations`[0m
  [1m[35m (0.2ms)[0m  [1m[35mSHOW CREATE TABLE `users`[0m
  [1m[35m (0.5ms)[0m  [1m[35mSHOW TABLE STATUS LIKE 'users'[0m
